<?xml version="1.0" encoding="UTF-8"?>
<!-- Generated by org.testng.reporters.JUnitReportReporter -->
<testsuite skipped="0" hostname="DESKTOP-O6S8VEP" name="tests.APIDay5_POSTthenGET" tests="1" failures="0" timestamp="05 Sep 2018 14:13:58 GMT" time="5.382" errors="0">
  <testcase name="PostEmployeeThenGetEmployee" time="5.382" classname="tests.APIDay5_POSTthenGET"/>
</testsuite> <!-- tests.APIDay5_POSTthenGET -->
