<?xml version="1.0" encoding="UTF-8"?>
<!-- Generated by org.testng.reporters.JUnitReportReporter -->
<testsuite skipped="0" hostname="DESKTOP-O6S8VEP" name="tests.JsonPath" tests="1" failures="0" timestamp="02 Sep 2018 17:55:30 GMT" time="15.568" errors="0">
  <testcase name="TestJsonPathWithLists" time="15.568" classname="tests.JsonPath"/>
</testsuite> <!-- tests.JsonPath -->
