<?xml version="1.0" encoding="UTF-8"?>
<!-- Generated by org.testng.reporters.JUnitReportReporter -->
<testsuite skipped="0" hostname="DESKTOP-O6S8VEP" name="tests.APIDay3_GSON" tests="1" failures="0" timestamp="03 Sep 2018 22:00:05 GMT" time="13.837" errors="0">
  <testcase name="warmUpTask" time="13.837" classname="tests.APIDay3_GSON"/>
</testsuite> <!-- tests.APIDay3_GSON -->
